<?xml version="1.0" encoding="UTF-8"?>
<!-- Generated by org.testng.reporters.JUnitXMLReporter -->
<testsuite ignored="0" hostname="DESKTOP-83DRFKP" failures="1" tests="13" name="Regression" time="457.904" errors="0" timestamp="2021-08-18T22:14:09 IST">
  <testcase classname="com.qa.testcases.ContactsPageTest" name="@BeforeMethod setUp" time="13.083">
    <failure type="java.lang.NullPointerException" message="Cannot invoke &amp;quot;com.crm.qa.util.TestUtil.takeScreenshotAtEndOfTest()&amp;quot; because &amp;quot;com.crm.qa.util.WebEventListener.TestUtil&amp;quot; is null">
      <![CDATA[java.lang.NullPointerException: Cannot invoke "com.crm.qa.util.TestUtil.takeScreenshotAtEndOfTest()" because "com.crm.qa.util.WebEventListener.TestUtil" is null
at com.crm.qa.util.WebEventListener.onException(WebEventListener.java:153)
at org.openqa.selenium.support.events.EventFiringWebDriver.lambda$new$0(EventFiringWebDriver.java:84)
at com.sun.proxy.$Proxy10.onException(Unknown Source)
at org.openqa.selenium.support.events.EventFiringWebDriver.lambda$new$1(EventFiringWebDriver.java:107)
at com.sun.proxy.$Proxy11.findElement(Unknown Source)
at org.openqa.selenium.support.events.EventFiringWebDriver.findElement(EventFiringWebDriver.java:194)
at org.openqa.selenium.support.pagefactory.DefaultElementLocator.findElement(DefaultElementLocator.java:69)
at org.openqa.selenium.support.pagefactory.internal.LocatingElementHandler.invoke(LocatingElementHandler.java:38)
at com.sun.proxy.$Proxy15.sendKeys(Unknown Source)
at com.crm.qa.pages.LoginPage.login(LoginPage.java:43)
at com.qa.testcases.ContactsPageTest.setUp(ContactsPageTest.java:34)
at java.base/java.util.ArrayList.forEach(ArrayList.java:1511)
... Removed 35 stack frames]]>
    </failure>
  </testcase> <!-- @BeforeMethod setUp -->
  <testcase classname="com.qa.testcases.ContactsPageTest" name="@AfterMethod tearDown" time="-1.629305046064E9">
    <skipped/>
  </testcase> <!-- @AfterMethod tearDown -->
  <testcase classname="com.qa.testcases.ContactsPageTest" name="@BeforeMethod setUp" time="-1.629305046067E9">
    <skipped/>
  </testcase> <!-- @BeforeMethod setUp -->
  <testcase classname="com.qa.testcases.ContactsPageTest" name="@AfterMethod tearDown" time="-1.629305046075E9">
    <skipped/>
  </testcase> <!-- @AfterMethod tearDown -->
  <testcase classname="com.qa.testcases.ContactsPageTest" name="@BeforeMethod setUp" time="-1.629305046078E9">
    <skipped/>
  </testcase> <!-- @BeforeMethod setUp -->
  <testcase classname="com.qa.testcases.ContactsPageTest" name="@AfterMethod tearDown" time="-1.629305046085E9">
    <skipped/>
  </testcase> <!-- @AfterMethod tearDown -->
  <testcase classname="com.qa.testcases.ContactsPageTest" name="@BeforeMethod setUp" time="-1.629305046087E9">
    <skipped/>
  </testcase> <!-- @BeforeMethod setUp -->
  <testcase classname="com.qa.testcases.ContactsPageTest" name="@AfterMethod tearDown" time="-1.629305046095E9">
    <skipped/>
  </testcase> <!-- @AfterMethod tearDown -->
  <testcase classname="com.qa.testcases.LoginPageTest" name="loginPageTitleTest" time="0.368"/>
  <testcase classname="com.qa.testcases.LoginPageTest" name="ForgotPwdLinkTest" time="1.453"/>
  <testcase classname="com.qa.testcases.LoginPageTest" name="loginTest" time="35.161"/>
  <testcase classname="com.qa.testcases.HomePageTest" name="verifyHomePageTitleTest" time="0.024"/>
  <testcase classname="com.qa.testcases.HomePageTest" name="verifyUserNameTest" time="3.157"/>
  <testcase classname="com.qa.testcases.HomePageTest" name="verifyHomePagecrmLOGOTest" time="2.95"/>
  <testcase classname="com.qa.testcases.HomePageTest" name="verifyContactsLinkTest" time="4.954"/>
  <testcase classname="com.qa.testcases.ContactsPageTest" name="verifyContactsPageLabelTest" time="0.616"/>
  <testcase classname="com.qa.testcases.ContactsPageTest" name="selectContactsTest" time="13.04">
    <failure type="java.lang.NullPointerException" message="Cannot invoke &amp;quot;com.crm.qa.util.TestUtil.takeScreenshotAtEndOfTest()&amp;quot; because &amp;quot;com.crm.qa.util.WebEventListener.TestUtil&amp;quot; is null">
      <![CDATA[java.lang.NullPointerException: Cannot invoke "com.crm.qa.util.TestUtil.takeScreenshotAtEndOfTest()" because "com.crm.qa.util.WebEventListener.TestUtil" is null
at com.crm.qa.util.WebEventListener.onException(WebEventListener.java:153)
at org.openqa.selenium.support.events.EventFiringWebDriver.lambda$new$0(EventFiringWebDriver.java:84)
at com.sun.proxy.$Proxy10.onException(Unknown Source)
at org.openqa.selenium.support.events.EventFiringWebDriver.lambda$new$1(EventFiringWebDriver.java:107)
at com.sun.proxy.$Proxy11.findElement(Unknown Source)
at org.openqa.selenium.support.events.EventFiringWebDriver.findElement(EventFiringWebDriver.java:194)
at com.crm.qa.pages.ContactsPage.selectContactsByName(ContactsPage.java:51)
at com.qa.testcases.ContactsPageTest.selectContactsTest(ContactsPageTest.java:45)
at java.base/java.util.ArrayList.forEach(ArrayList.java:1511)
... Removed 31 stack frames]]>
    </failure>
  </testcase> <!-- selectContactsTest -->
  <testcase classname="com.qa.testcases.ContactsPageTest" name="validateCreateNewContact" time="0.0">
    <skipped/>
  </testcase> <!-- validateCreateNewContact -->
  <testcase classname="com.qa.testcases.ContactsPageTest" name="validateCreateNewContact" time="0.0">
    <skipped/>
  </testcase> <!-- validateCreateNewContact -->
  <testcase classname="com.qa.testcases.ContactsPageTest" name="validateCreateNewContact" time="0.0">
    <skipped/>
  </testcase> <!-- validateCreateNewContact -->
  <testcase classname="com.qa.testcases.ContactsPageTest" name="validateCreateNewContact" time="0.0">
    <skipped/>
  </testcase> <!-- validateCreateNewContact -->
</testsuite> <!-- Regression -->
