<?xml version="1.0" encoding="UTF-8"?>
<!-- Generated by org.testng.reporters.JUnitXMLReporter -->
<testsuite ignored="0" hostname="DESKTOP-83DRFKP" failures="1" tests="13" name="Surefire test" time="729.44" errors="0" timestamp="2021-08-19T13:17:40 IST">
  <testcase classname="com.qa.testcases.ContactsPageTest" name="verifyContactsPageLabelTest" time="5.225"/>
  <testcase classname="com.qa.testcases.ContactsPageTest" name="selectContactsTest" time="1.762"/>
  <testcase classname="com.qa.testcases.ContactsPageTest" name="validateCreateNewContact" time="8.43"/>
  <testcase classname="com.qa.testcases.ContactsPageTest" name="validateCreateNewContact" time="11.467"/>
  <testcase classname="com.qa.testcases.ContactsPageTest" name="validateCreateNewContact" time="13.125">
    <failure type="java.lang.NullPointerException" message="Cannot invoke &amp;quot;com.crm.qa.util.TestUtil.takeScreenshotAtEndOfTest()&amp;quot; because &amp;quot;com.crm.qa.util.WebEventListener.TestUtil&amp;quot; is null">
      <![CDATA[java.lang.NullPointerException: Cannot invoke "com.crm.qa.util.TestUtil.takeScreenshotAtEndOfTest()" because "com.crm.qa.util.WebEventListener.TestUtil" is null
at com.crm.qa.util.WebEventListener.onException(WebEventListener.java:153)
at org.openqa.selenium.support.events.EventFiringWebDriver.lambda$new$0(EventFiringWebDriver.java:84)
at com.sun.proxy.$Proxy7.onException(Unknown Source)
at org.openqa.selenium.support.events.EventFiringWebDriver.lambda$new$1(EventFiringWebDriver.java:107)
at com.sun.proxy.$Proxy8.findElement(Unknown Source)
at org.openqa.selenium.support.events.EventFiringWebDriver.findElement(EventFiringWebDriver.java:194)
at org.openqa.selenium.support.pagefactory.DefaultElementLocator.findElement(DefaultElementLocator.java:69)
at org.openqa.selenium.support.pagefactory.internal.LocatingElementHandler.invoke(LocatingElementHandler.java:38)
at com.sun.proxy.$Proxy12.sendKeys(Unknown Source)
at com.crm.qa.pages.ContactsPage.createNewContact(ContactsPage.java:60)
at com.qa.testcases.ContactsPageTest.validateCreateNewContact(ContactsPageTest.java:61)
at java.base/java.util.ArrayList.forEach(ArrayList.java:1511)
... Removed 36 stack frames]]>
    </failure>
  </testcase> <!-- validateCreateNewContact -->
  <testcase classname="com.qa.testcases.ContactsPageTest" name="validateCreateNewContact" time="6.672"/>
  <testcase classname="com.qa.testcases.HomePageTest" name="verifyHomePageTitleTest" time="0.021"/>
  <testcase classname="com.qa.testcases.HomePageTest" name="verifyUserNameTest" time="9.275"/>
  <testcase classname="com.qa.testcases.HomePageTest" name="verifyHomePagecrmLOGOTest" time="4.615"/>
  <testcase classname="com.qa.testcases.HomePageTest" name="verifyContactsLinkTest" time="6.067"/>
  <testcase classname="com.qa.testcases.LoginPageTest" name="loginPageTitleTest" time="0.031"/>
  <testcase classname="com.qa.testcases.LoginPageTest" name="ForgotPwdLinkTest" time="0.591"/>
  <testcase classname="com.qa.testcases.LoginPageTest" name="loginTest" time="13.098"/>
</testsuite> <!-- Surefire test -->
